нояб. 22, 2020 9:20:57 AM chat.server.core.ChatServer start
INFO: logger: Сервер перешел в состояние "Включен".
нояб. 22, 2020 9:21:25 AM chat.server.core.ChatServer start
INFO: logger: Сервер перешел в состояние "Включен".
нояб. 22, 2020 9:23:12 AM chat.server.core.ChatServer start
INFO: logger: Сервер перешел в состояние "Включен".
нояб. 22, 2020 9:24:01 AM chat.server.core.ChatServer start
INFO: logger: Сервер перешел в состояние "Включен".
нояб. 22, 2020 9:27:28 AM chat.server.core.ChatServer start
INFO: logger: Сервер перешел в состояние "Включен".
нояб. 22, 2020 9:31:23 AM chat.server.core.ChatServer start
INFO: logger: Сервер перешел в состояние "Включен".
нояб. 22, 2020 9:32:04 AM chat.server.core.ChatServer start
INFO: logger: Сервер перешел в состояние "Включен".
нояб. 22, 2020 9:32:18 AM chat.server.core.ChatServer start
INFO: logger: Сервер перешел в состояние "Включен".
нояб. 22, 2020 9:32:58 AM chat.server.core.ChatServer start
INFO: logger: Сервер перешел в состояние "Включен".
нояб. 22, 2020 9:33:02 AM chat.server.core.ChatServer handleNonAuthMessage
INFO: logger: Пользователь LV подключился.
нояб. 22, 2020 9:33:51 AM chat.server.core.ChatServer start
INFO: logger: Сервер перешел в состояние "Включен".
нояб. 22, 2020 9:35:14 AM chat.server.core.ChatServer start
INFO: logger: Сервер перешел в состояние "Включен".
нояб. 22, 2020 9:35:43 AM chat.server.core.ChatServer start
INFO: logger: Сервер перешел в состояние "Включен".
нояб. 22, 2020 9:36:36 AM chat.server.core.ChatServer start
INFO: logger: Сервер перешел в состояние "Включен".
нояб. 22, 2020 9:36:38 AM chat.server.core.ChatServer handleNonAuthMessage
INFO: logger: Пользователь LV подключился.
нояб. 22, 2020 9:37:14 AM chat.server.core.ChatServer handleNonAuthMessage
INFO: logger: Пользователь marina подключился.
нояб. 22, 2020 9:38:45 AM chat.server.core.ChatServer onSocketStop
INFO: logger: Пользователь LV отключен.
